{"name": "Проверка перехода на страницу восстановления пароля по кнопке «Восстановить пароль»", "status": "broken", "statusDetails": {"message": "selenium.common.exceptions.ElementClickInterceptedException: Message: Element <button class=\"button_button__33qZ0 button_button_type_primary__1O7Bx button_button_size_large__G21Vg\"> is not clickable at point (1372,440) because another element <div class=\"Modal_modal_overlay__x2ZCr\"> obscures it\nStacktrace:\nRemoteError@chrome://remote/content/shared/RemoteError.sys.mjs:8:8\nWebDriverError@chrome://remote/content/shared/webdriver/Errors.sys.mjs:191:5\nElementClickInterceptedError@chrome://remote/content/shared/webdriver/Errors.sys.mjs:335:5\nwebdriverClickElement@chrome://remote/content/marionette/interaction.sys.mjs:176:11\ninteraction.clickElement@chrome://remote/content/marionette/interaction.sys.mjs:135:11\nclickElement@chrome://remote/content/marionette/actors/MarionetteCommandsChild.sys.mjs:204:29\nreceiveMessage@chrome://remote/content/marionette/actors/MarionetteCommandsChild.sys.mjs:84:31", "trace": "self = <tests.test_password_recovery.TestPasswordRecovery object at 0x10221ffd0>, driver = <selenium.webdriver.firefox.webdriver.WebDriver (session=\"32a32c6f-ceea-42e7-8f8c-2dc56c722492\")>\nbutton_locator = ('xpath', \"//button[text()='Войти в аккаунт']\")\n\n    @pytest.mark.parametrize('button_locator', [MainPageLocators.BUTTON_ACCOUNT, MainPageLocators.BUTTON_PERSONAL_ACCOUNT])\n    @allure.title('Проверка перехода на страницу восстановления пароля по кнопке «Восстановить пароль»')\n    def test_go_to_password_recovery_page_by_click_recover_password_button(self, driver, button_locator):\n        main_page = MainPage(driver)\n        main_page.open(Urls.URL_SB)\n>       main_page.click_on_button(button_locator)\n\ntests/test_password_recovery.py:16: \n_ _ _ _ _ _ _ _ _ _ _ _ _ _ _ _ _ _ _ _ _ _ _ _ _ _ _ _ _ _ _ _ _ _ _ _ _ _ _ _ _ _ _ _ _ _ _ _ _ _ _ _ _ _ _ _ _ _ _ _ _ _ _ _ _ _ _ _ _ _ _ _ _ _ _ _ _ _ _ _ _ _ _ _ _ _ _ _ _ _ _ _ _ _ _ _ _ _ _ _ _ _\npages/main_page.py:12: in click_on_button\n    self.element_is_visible(locator).click()\n.venv/lib/python3.11/site-packages/selenium/webdriver/remote/webelement.py:94: in click\n    self._execute(Command.CLICK_ELEMENT)\n.venv/lib/python3.11/site-packages/selenium/webdriver/remote/webelement.py:395: in _execute\n    return self._parent.execute(command, params)\n.venv/lib/python3.11/site-packages/selenium/webdriver/remote/webdriver.py:347: in execute\n    self.error_handler.check_response(response)\n_ _ _ _ _ _ _ _ _ _ _ _ _ _ _ _ _ _ _ _ _ _ _ _ _ _ _ _ _ _ _ _ _ _ _ _ _ _ _ _ _ _ _ _ _ _ _ _ _ _ _ _ _ _ _ _ _ _ _ _ _ _ _ _ _ _ _ _ _ _ _ _ _ _ _ _ _ _ _ _ _ _ _ _ _ _ _ _ _ _ _ _ _ _ _ _ _ _ _ _ _ _\n\nself = <selenium.webdriver.remote.errorhandler.ErrorHandler object at 0x102b05590>\nresponse = {'status': 400, 'value': '{\"value\":{\"error\":\"element click intercepted\",\"message\":\"Element <button class=\\\\\"button_but...sys.mjs:204:29\\\\nreceiveMessage@chrome://remote/content/marionette/actors/MarionetteCommandsChild.sys.mjs:84:31\\\\n\"}}'}\n\n    def check_response(self, response: Dict[str, Any]) -> None:\n        \"\"\"Checks that a JSON response from the WebDriver does not have an\n        error.\n    \n        :Args:\n         - response - The JSON response from the WebDriver server as a dictionary\n           object.\n    \n        :Raises: If the response contains an error message.\n        \"\"\"\n        status = response.get(\"status\", None)\n        if not status or status == ErrorCode.SUCCESS:\n            return\n        value = None\n        message = response.get(\"message\", \"\")\n        screen: str = response.get(\"screen\", \"\")\n        stacktrace = None\n        if isinstance(status, int):\n            value_json = response.get(\"value\", None)\n            if value_json and isinstance(value_json, str):\n                import json\n    \n                try:\n                    value = json.loads(value_json)\n                    if len(value) == 1:\n                        value = value[\"value\"]\n                    status = value.get(\"error\", None)\n                    if not status:\n                        status = value.get(\"status\", ErrorCode.UNKNOWN_ERROR)\n                        message = value.get(\"value\") or value.get(\"message\")\n                        if not isinstance(message, str):\n                            value = message\n                            message = message.get(\"message\")\n                    else:\n                        message = value.get(\"message\", None)\n                except ValueError:\n                    pass\n    \n        exception_class: Type[WebDriverException]\n        e = ErrorCode()\n        error_codes = [item for item in dir(e) if not item.startswith(\"__\")]\n        for error_code in error_codes:\n            error_info = getattr(ErrorCode, error_code)\n            if isinstance(error_info, list) and status in error_info:\n                exception_class = getattr(ExceptionMapping, error_code, WebDriverException)\n                break\n        else:\n            exception_class = WebDriverException\n    \n        if not value:\n            value = response[\"value\"]\n        if isinstance(value, str):\n            raise exception_class(value)\n        if message == \"\" and \"message\" in value:\n            message = value[\"message\"]\n    \n        screen = None  # type: ignore[assignment]\n        if \"screen\" in value:\n            screen = value[\"screen\"]\n    \n        stacktrace = None\n        st_value = value.get(\"stackTrace\") or value.get(\"stacktrace\")\n        if st_value:\n            if isinstance(st_value, str):\n                stacktrace = st_value.split(\"\\n\")\n            else:\n                stacktrace = []\n                try:\n                    for frame in st_value:\n                        line = frame.get(\"lineNumber\", \"\")\n                        file = frame.get(\"fileName\", \"<anonymous>\")\n                        if line:\n                            file = f\"{file}:{line}\"\n                        meth = frame.get(\"methodName\", \"<anonymous>\")\n                        if \"className\" in frame:\n                            meth = f\"{frame['className']}.{meth}\"\n                        msg = \"    at %s (%s)\"\n                        msg = msg % (meth, file)\n                        stacktrace.append(msg)\n                except TypeError:\n                    pass\n        if exception_class == UnexpectedAlertPresentException:\n            alert_text = None\n            if \"data\" in value:\n                alert_text = value[\"data\"].get(\"text\")\n            elif \"alert\" in value:\n                alert_text = value[\"alert\"].get(\"text\")\n            raise exception_class(message, screen, stacktrace, alert_text)  # type: ignore[call-arg]  # mypy is not smart enough here\n>       raise exception_class(message, screen, stacktrace)\nE       selenium.common.exceptions.ElementClickInterceptedException: Message: Element <button class=\"button_button__33qZ0 button_button_type_primary__1O7Bx button_button_size_large__G21Vg\"> is not clickable at point (1372,440) because another element <div class=\"Modal_modal_overlay__x2ZCr\"> obscures it\nE       Stacktrace:\nE       RemoteError@chrome://remote/content/shared/RemoteError.sys.mjs:8:8\nE       WebDriverError@chrome://remote/content/shared/webdriver/Errors.sys.mjs:191:5\nE       ElementClickInterceptedError@chrome://remote/content/shared/webdriver/Errors.sys.mjs:335:5\nE       webdriverClickElement@chrome://remote/content/marionette/interaction.sys.mjs:176:11\nE       interaction.clickElement@chrome://remote/content/marionette/interaction.sys.mjs:135:11\nE       clickElement@chrome://remote/content/marionette/actors/MarionetteCommandsChild.sys.mjs:204:29\nE       receiveMessage@chrome://remote/content/marionette/actors/MarionetteCommandsChild.sys.mjs:84:31\n\n.venv/lib/python3.11/site-packages/selenium/webdriver/remote/errorhandler.py:229: ElementClickInterceptedException"}, "steps": [{"name": "Клик по кнопке: ", "status": "broken", "statusDetails": {"message": "selenium.common.exceptions.ElementClickInterceptedException: Message: Element <button class=\"button_button__33qZ0 button_button_type_primary__1O7Bx button_button_size_large__G21Vg\"> is not clickable at point (1372,440) because another element <div class=\"Modal_modal_overlay__x2ZCr\"> obscures it\nStacktrace:\nRemoteError@chrome://remote/content/shared/RemoteError.sys.mjs:8:8\nWebDriverError@chrome://remote/content/shared/webdriver/Errors.sys.mjs:191:5\nElementClickInterceptedError@chrome://remote/content/shared/webdriver/Errors.sys.mjs:335:5\nwebdriverClickElement@chrome://remote/content/marionette/interaction.sys.mjs:176:11\ninteraction.clickElement@chrome://remote/content/marionette/interaction.sys.mjs:135:11\nclickElement@chrome://remote/content/marionette/actors/MarionetteCommandsChild.sys.mjs:204:29\nreceiveMessage@chrome://remote/content/marionette/actors/MarionetteCommandsChild.sys.mjs:84:31\n\n", "trace": "  File \"/Users/anastasia.nikitina/PycharmProjects/Diplom/Diplom_3/.venv/lib/python3.11/site-packages/allure_commons/_allure.py\", line 192, in impl\n    return func(*a, **kw)\n           ^^^^^^^^^^^^^^\n  File \"/Users/anastasia.nikitina/PycharmProjects/Diplom/Diplom_3/pages/main_page.py\", line 12, in click_on_button\n    self.element_is_visible(locator).click()\n  File \"/Users/anastasia.nikitina/PycharmProjects/Diplom/Diplom_3/.venv/lib/python3.11/site-packages/selenium/webdriver/remote/webelement.py\", line 94, in click\n    self._execute(Command.CLICK_ELEMENT)\n  File \"/Users/anastasia.nikitina/PycharmProjects/Diplom/Diplom_3/.venv/lib/python3.11/site-packages/selenium/webdriver/remote/webelement.py\", line 395, in _execute\n    return self._parent.execute(command, params)\n           ^^^^^^^^^^^^^^^^^^^^^^^^^^^^^^^^^^^^^\n  File \"/Users/anastasia.nikitina/PycharmProjects/Diplom/Diplom_3/.venv/lib/python3.11/site-packages/selenium/webdriver/remote/webdriver.py\", line 347, in execute\n    self.error_handler.check_response(response)\n  File \"/Users/anastasia.nikitina/PycharmProjects/Diplom/Diplom_3/.venv/lib/python3.11/site-packages/selenium/webdriver/remote/errorhandler.py\", line 229, in check_response\n    raise exception_class(message, screen, stacktrace)\n"}, "parameters": [{"name": "locator", "value": "('xpath', \"//button[text()='Войти в аккаунт']\")"}], "start": 1706712530426, "stop": 1706712530455}], "parameters": [{"name": "driver", "value": "'firefox'"}, {"name": "button_locator", "value": "('xpath', \"//button[text()='Войти в аккаунт']\")"}], "start": 1706712529490, "stop": 1706712530456, "uuid": "9506b160-c871-46bb-94eb-6d758a9601b2", "historyId": "a4a7ca83217c5ca7669963284d87aef0", "testCaseId": "8dc90bb655950a311dc706e2c3a89198", "fullName": "tests.test_password_recovery.TestPasswordRecovery#test_go_to_password_recovery_page_by_click_recover_password_button", "labels": [{"name": "parentSuite", "value": "tests"}, {"name": "suite", "value": "test_password_recovery"}, {"name": "subSuite", "value": "TestPasswordRecovery"}, {"name": "host", "value": "NastyaNikitina.local"}, {"name": "thread", "value": "97437-MainThread"}, {"name": "framework", "value": "pytest"}, {"name": "language", "value": "cpython3"}, {"name": "package", "value": "tests.test_password_recovery"}]}