{"name": "Проверка перехода в раздел «История заказов»", "status": "broken", "statusDetails": {"message": "selenium.common.exceptions.TimeoutException: Message:", "trace": "self = <tests.test_personal_acoount.TestPersonalAccount object at 0x102215310>, driver = <selenium.webdriver.chrome.webdriver.WebDriver (session=\"d3b044ae2d0e11297709e503f529e3ed\")>\nlogin = ['samantha15@yahoo.com', 'accmp', 'Alyssa']\n\n    @allure.title('Проверка перехода в раздел «История заказов»')\n    def test_go_to_history_orders_section(self, driver, login):\n        main_page = MainPage(driver)\n        main_page.open(Urls.URL_SB)\n        main_page.click_on_login_in_account_button()\n        login_page = LoginPage(driver)\n        login_page.login_user(login[0], login[1])\n        main_page = MainPage(driver)\n        main_page.click_on_personal_account_button()\n        account_page = AccountPage(driver)\n        account_page.click_on_history_orders_button()\n>       account_page.check_order_history_list_is_displayed()\n\ntests/test_personal_acoount.py:34: \n_ _ _ _ _ _ _ _ _ _ _ _ _ _ _ _ _ _ _ _ _ _ _ _ _ _ _ _ _ _ _ _ _ _ _ _ _ _ _ _ _ _ _ _ _ _ _ _ _ _ _ _ _ _ _ _ _ _ _ _ _ _ _ _ _ _ _ _ _ _ _ _ _ _ _ _ _ _ _ _ _ _ _ _ _ _ _ _ _ _ _ _ _ _ _ _ _ _ _ _ _ _\npages/account_page.py:23: in check_order_history_list_is_displayed\n    assert self.element_is_visible(self.locators.ORDER_HISTORY_LIST).is_displayed()\npages/base_page.py:16: in element_is_visible\n    return WebDriverWait(self.driver, timeout=10).until(EC.visibility_of_element_located(locator))\n_ _ _ _ _ _ _ _ _ _ _ _ _ _ _ _ _ _ _ _ _ _ _ _ _ _ _ _ _ _ _ _ _ _ _ _ _ _ _ _ _ _ _ _ _ _ _ _ _ _ _ _ _ _ _ _ _ _ _ _ _ _ _ _ _ _ _ _ _ _ _ _ _ _ _ _ _ _ _ _ _ _ _ _ _ _ _ _ _ _ _ _ _ _ _ _ _ _ _ _ _ _\n\nself = <selenium.webdriver.support.wait.WebDriverWait (session=\"d3b044ae2d0e11297709e503f529e3ed\")>, method = <function visibility_of_element_located.<locals>._predicate at 0x102cfa020>, message = ''\n\n    def until(self, method: Callable[[D], Union[Literal[False], T]], message: str = \"\") -> T:\n        \"\"\"Calls the method provided with the driver as an argument until the \\\n        return value does not evaluate to ``False``.\n    \n        :param method: callable(WebDriver)\n        :param message: optional message for :exc:`TimeoutException`\n        :returns: the result of the last call to `method`\n        :raises: :exc:`selenium.common.exceptions.TimeoutException` if timeout occurs\n        \"\"\"\n        screen = None\n        stacktrace = None\n    \n        end_time = time.monotonic() + self._timeout\n        while True:\n            try:\n                value = method(self._driver)\n                if value:\n                    return value\n            except self._ignored_exceptions as exc:\n                screen = getattr(exc, \"screen\", None)\n                stacktrace = getattr(exc, \"stacktrace\", None)\n            time.sleep(self._poll)\n            if time.monotonic() > end_time:\n                break\n>       raise TimeoutException(message, screen, stacktrace)\nE       selenium.common.exceptions.TimeoutException: Message:\n\n.venv/lib/python3.11/site-packages/selenium/webdriver/support/wait.py:105: TimeoutException"}, "steps": [{"name": "Клик по кнопке \"Войти в аккаунт\"", "status": "passed", "start": 1706712581586, "stop": 1706712581630}, {"name": "Авторизоваться", "status": "passed", "parameters": [{"name": "email", "value": "'samantha15@yahoo.com'"}, {"name": "password", "value": "'accmp'"}], "start": 1706712581630, "stop": 1706712581803}, {"name": "Клик по кнопке \"Личный Кабинет\"", "status": "passed", "start": 1706712581803, "stop": 1706712582205}, {"name": "Клик по кнопке \"История заказов\"", "status": "passed", "start": 1706712582205, "stop": 1706712582765}, {"name": "Проверка, что история заказов появилась на экране", "status": "broken", "statusDetails": {"message": "selenium.common.exceptions.TimeoutException: Message: \n\n", "trace": "  File \"/Users/anastasia.nikitina/PycharmProjects/Diplom/Diplom_3/.venv/lib/python3.11/site-packages/allure_commons/_allure.py\", line 192, in impl\n    return func(*a, **kw)\n           ^^^^^^^^^^^^^^\n  File \"/Users/anastasia.nikitina/PycharmProjects/Diplom/Diplom_3/pages/account_page.py\", line 23, in check_order_history_list_is_displayed\n    assert self.element_is_visible(self.locators.ORDER_HISTORY_LIST).is_displayed()\n           ^^^^^^^^^^^^^^^^^^^^^^^^^^^^^^^^^^^^^^^^^^^^^^^^^^^^^^^^^\n  File \"/Users/anastasia.nikitina/PycharmProjects/Diplom/Diplom_3/pages/base_page.py\", line 16, in element_is_visible\n    return WebDriverWait(self.driver, timeout=10).until(EC.visibility_of_element_located(locator))\n           ^^^^^^^^^^^^^^^^^^^^^^^^^^^^^^^^^^^^^^^^^^^^^^^^^^^^^^^^^^^^^^^^^^^^^^^^^^^^^^^^^^^^^^^\n  File \"/Users/anastasia.nikitina/PycharmProjects/Diplom/Diplom_3/.venv/lib/python3.11/site-packages/selenium/webdriver/support/wait.py\", line 105, in until\n    raise TimeoutException(message, screen, stacktrace)\n"}, "start": 1706712582765, "stop": 1706712594175}], "parameters": [{"name": "driver", "value": "'chrome'"}], "start": 1706712580496, "stop": 1706712594179, "uuid": "3b6ddab6-0d07-4879-b355-3e92d4019bdf", "historyId": "e9979b8e32c8dc3f93d4bf551fc3ccd4", "testCaseId": "495abe71a53c1b335e9b626027648b1d", "fullName": "tests.test_personal_acoount.TestPersonalAccount#test_go_to_history_orders_section", "labels": [{"name": "parentSuite", "value": "tests"}, {"name": "suite", "value": "test_personal_acoount"}, {"name": "subSuite", "value": "TestPersonalAccount"}, {"name": "host", "value": "NastyaNikitina.local"}, {"name": "thread", "value": "97437-MainThread"}, {"name": "framework", "value": "pytest"}, {"name": "language", "value": "cpython3"}, {"name": "package", "value": "tests.test_personal_acoount"}]}